0 info it worked if it ends with ok
1 verbose cli [ '/home/Tuane/.linuxbrew/Cellar/node/6.4.0/bin/node',
1 verbose cli   '/home/Tuane/.linuxbrew/bin/npm',
1 verbose cli   'start' ]
2 info using npm@3.10.3
3 info using node@v6.4.0
4 verbose run-script [ 'prestart', 'start', 'poststart' ]
5 info lifecycle react2@1.0.0~prestart: react2@1.0.0
6 silly lifecycle react2@1.0.0~prestart: no script for prestart, continuing
7 info lifecycle react2@1.0.0~start: react2@1.0.0
8 verbose lifecycle react2@1.0.0~start: unsafe-perm in lifecycle true
9 verbose lifecycle react2@1.0.0~start: PATH: /home/Tuane/.linuxbrew/lib/node_modules/npm/bin/node-gyp-bin:/home/Tuane/WebstormProjects/react2/node_modules/.bin:/home/Tuane/.linuxbrew/Cellar/node/6.4.0/bin:/home/Tuane/.linuxbrew/bin:/home/Tuane/.linuxbrew/bin:/usr/local/bin:/usr/bin:/bin:/usr/local/games:/usr/games
10 verbose lifecycle react2@1.0.0~start: CWD: /home/Tuane/WebstormProjects/react2
11 silly lifecycle react2@1.0.0~start: Args: [ '-c', 'watchify ./index.js -v -t babelify ' ]
12 silly lifecycle react2@1.0.0~start: Returned: code: 1  signal: null
13 info lifecycle react2@1.0.0~start: Failed to exec start script
14 verbose stack Error: react2@1.0.0 start: `watchify ./index.js -v -t babelify `
14 verbose stack Exit status 1
14 verbose stack     at EventEmitter.<anonymous> (/home/Tuane/.linuxbrew/lib/node_modules/npm/lib/utils/lifecycle.js:242:16)
14 verbose stack     at emitTwo (events.js:106:13)
14 verbose stack     at EventEmitter.emit (events.js:191:7)
14 verbose stack     at ChildProcess.<anonymous> (/home/Tuane/.linuxbrew/lib/node_modules/npm/lib/utils/spawn.js:40:14)
14 verbose stack     at emitTwo (events.js:106:13)
14 verbose stack     at ChildProcess.emit (events.js:191:7)
14 verbose stack     at maybeClose (internal/child_process.js:852:16)
14 verbose stack     at Process.ChildProcess._handle.onexit (internal/child_process.js:215:5)
15 verbose pkgid react2@1.0.0
16 verbose cwd /home/Tuane/WebstormProjects/react2
17 error Linux 4.5.0-kali1-amd64
18 error argv "/home/Tuane/.linuxbrew/Cellar/node/6.4.0/bin/node" "/home/Tuane/.linuxbrew/bin/npm" "start"
19 error node v6.4.0
20 error npm  v3.10.3
21 error code ELIFECYCLE
22 error react2@1.0.0 start: `watchify ./index.js -v -t babelify `
22 error Exit status 1
23 error Failed at the react2@1.0.0 start script 'watchify ./index.js -v -t babelify '.
23 error Make sure you have the latest version of node.js and npm installed.
23 error If you do, this is most likely a problem with the react2 package,
23 error not with npm itself.
23 error Tell the author that this fails on your system:
23 error     watchify ./index.js -v -t babelify
23 error You can get information on how to open an issue for this project with:
23 error     npm bugs react2
23 error Or if that isn't available, you can get their info via:
23 error     npm owner ls react2
23 error There is likely additional logging output above.
24 verbose exit [ 1, true ]
